2021-04-11 05:48:30,160 INFO  [main] Created window with model: 5 division (600x400)
2021-04-11 05:48:30,340 DEBUG  [AWT-EventQueue-0] Just drew image noname (600x400)
2021-04-11 05:48:35,218 DEBUG  [AWT-EventQueue-0] Just drew image noname (600x400)
2021-04-11 05:48:37,252 DEBUG  [AWT-EventQueue-0] Just drew image noname (600x400)
2021-04-11 05:48:51,485 INFO  [AWT-EventQueue-0] Loaded image E:\temp\264745.png
2021-04-11 05:48:51,573 DEBUG  [AWT-EventQueue-0] Just drew image 264745.png (600x400)
2021-04-11 05:48:56,982 DEBUG  [AWT-EventQueue-0] Just drew image noname (600x400)
2021-04-11 05:48:57,902 DEBUG  [AWT-EventQueue-0] Just drew image 264745.png (600x400)
2021-04-11 05:48:58,804 DEBUG  [AWT-EventQueue-0] Just drew image 264745.png (600x400)
2021-04-11 05:49:01,419 DEBUG  [AWT-EventQueue-0] Just drew image 264745.png (600x400)
2021-04-11 05:49:10,831 INFO  [AWT-EventQueue-0] Loaded image E:\temp\FOTOS PAGINA WEB FASER\Landing\landing4.png
2021-04-11 05:49:10,893 DEBUG  [AWT-EventQueue-0] Just drew image landing4.png (600x400)
2021-04-11 05:49:13,018 DEBUG  [AWT-EventQueue-0] Just drew image landing4.png (600x400)
2021-04-11 05:49:15,290 DEBUG  [AWT-EventQueue-0] Just drew image landing4.png (600x400)
2021-04-11 05:49:24,470 INFO  [AWT-EventQueue-0] Loaded image E:\temp\FOTOS PAGINA WEB FASER\LANZAMIENTO\_D3_6370.jpg
2021-04-11 05:49:24,521 DEBUG  [AWT-EventQueue-0] Just drew image _D3_6370.jpg (600x400)
2021-04-11 05:49:30,419 DEBUG  [AWT-EventQueue-0] Just drew image noname (600x400)
2021-04-11 05:49:31,274 DEBUG  [AWT-EventQueue-0] Just drew image noname (600x400)
2021-04-11 05:49:33,168 DEBUG  [AWT-EventQueue-0] Just drew image noname (600x400)
2021-04-11 05:49:41,702 INFO  [AWT-EventQueue-0] Loaded image E:\temp\FOTOS PAGINA WEB FASER\Implementation\GIZ_200608_125129.jpg
2021-04-11 05:49:41,774 DEBUG  [AWT-EventQueue-0] Just drew image GIZ_200608_125129.jpg (600x400)
2021-04-11 05:49:43,735 DEBUG  [AWT-EventQueue-0] Just drew image noname (600x400)
2021-04-11 05:49:45,376 DEBUG  [AWT-EventQueue-0] Just drew image noname (600x400)
2021-04-11 05:50:32,120 DEBUG  [AWT-EventQueue-0] Just drew image GIZ_200608_125129.jpg (600x400)
2021-04-11 05:50:33,439 DEBUG  [AWT-EventQueue-0] Just drew image _D3_6370.jpg (600x400)
2021-04-11 05:50:35,235 DEBUG  [AWT-EventQueue-0] Just drew image noname (600x400)
2021-04-11 05:50:43,508 DEBUG  [AWT-EventQueue-0] Just drew image noname (600x400)
2021-04-11 06:00:23,079 INFO  [main] Created window with model: 5 division (600x400)
2021-04-11 06:00:23,227 DEBUG  [AWT-EventQueue-0] Just drew image noname (600x400)
2021-04-11 06:00:28,081 DEBUG  [AWT-EventQueue-0] Just drew image noname (600x400)
2021-04-11 06:00:29,594 DEBUG  [AWT-EventQueue-0] Just drew image noname (600x400)
2021-04-11 06:00:47,743 INFO  [AWT-EventQueue-0] Loaded image E:\temp\FOTOS PAGINA WEB FASER\Implementation\GIZ_POWERBLOX_MABIME_201027_135418_D3_0059.jpg
2021-04-11 06:00:47,816 DEBUG  [AWT-EventQueue-0] Just drew image GIZ_POWERBLOX_MABIME_201027_135418_D3_0059.jpg (600x400)
2021-04-11 06:00:53,149 DEBUG  [AWT-EventQueue-0] Just drew image GIZ_POWERBLOX_MABIME_201027_135418_D3_0059.jpg (600x400)
2021-04-11 06:00:55,033 DEBUG  [AWT-EventQueue-0] Just drew image GIZ_POWERBLOX_MABIME_201027_135418_D3_0059.jpg (600x400)
2021-04-11 06:01:01,729 INFO  [AWT-EventQueue-0] Loaded image E:\temp\FOTOS PAGINA WEB FASER\Implementation\GIZ_POWERBLOX_MABIME_201027_183555_D3_0185.jpg
2021-04-11 06:01:01,797 DEBUG  [AWT-EventQueue-0] Just drew image GIZ_POWERBLOX_MABIME_201027_183555_D3_0185.jpg (600x400)
2021-04-11 06:03:06,956 DEBUG  [AWT-EventQueue-0] Just drew image GIZ_POWERBLOX_MABIME_201027_183555_D3_0185.jpg (600x400)
2021-04-11 06:03:08,341 DEBUG  [AWT-EventQueue-0] Just drew image GIZ_POWERBLOX_MABIME_201027_183555_D3_0185.jpg (600x400)
2021-04-11 06:03:30,179 INFO  [AWT-EventQueue-0] Loaded image E:\temp\firefighter-radio-smoke.600x400.jpg
2021-04-11 06:03:30,257 DEBUG  [AWT-EventQueue-0] Just drew image firefighter-radio-smoke.600x400.jpg (600x400)
2021-04-11 06:03:32,989 DEBUG  [AWT-EventQueue-0] Just drew image firefighter-radio-smoke.600x400.jpg (600x400)
2021-04-11 06:03:34,386 DEBUG  [AWT-EventQueue-0] Just drew image firefighter-radio-smoke.600x400.jpg (600x400)
2021-04-11 06:03:45,977 INFO  [AWT-EventQueue-0] Loaded image E:\temp\India_Gate_600x400.jpg
2021-04-11 06:03:46,030 DEBUG  [AWT-EventQueue-0] Just drew image India_Gate_600x400.jpg (600x400)
2021-04-11 06:03:48,515 DEBUG  [AWT-EventQueue-0] Just drew image noname (600x400)
2021-04-11 06:03:53,287 DEBUG  [AWT-EventQueue-0] Just drew image India_Gate_600x400.jpg (600x400)
2021-04-11 12:44:31,151 INFO  [main] Created window with model: 5 division (600x400)
2021-04-11 12:44:31,324 DEBUG  [AWT-EventQueue-0] Just drew image noname (600x400)
2021-04-11 12:47:06,518 INFO  [main] Created window with model: 5 division (600x400)
2021-04-11 12:47:06,691 DEBUG  [AWT-EventQueue-0] Just drew image noname (600x400)
2021-04-11 12:49:54,790 INFO  [main] Created window with model: 5 division (600x400)
2021-04-11 12:49:54,945 DEBUG  [AWT-EventQueue-0] Just drew image noname (600x400)
2021-04-11 12:49:56,536 DEBUG  [AWT-EventQueue-0] Just drew image noname (600x400)
2021-04-11 12:49:59,017 DEBUG  [AWT-EventQueue-0] Just drew image noname (600x400)
2021-04-11 12:50:20,324 INFO  [AWT-EventQueue-0] Loaded image E:\temp\FOTOS PAGINA WEB FASER\Implementation\MOZCARBON_201109_090236_D4B1348.jpg
2021-04-11 12:50:20,391 DEBUG  [AWT-EventQueue-0] Just drew image MOZCARBON_201109_090236_D4B1348.jpg (600x400)
2021-04-11 12:50:25,717 DEBUG  [AWT-EventQueue-0] Just drew image MOZCARBON_201109_090236_D4B1348.jpg (600x400)
2021-04-11 12:50:27,369 DEBUG  [AWT-EventQueue-0] Just drew image MOZCARBON_201109_090236_D4B1348.jpg (600x400)
2021-04-11 12:50:35,609 INFO  [AWT-EventQueue-0] Loaded image E:\temp\FOTOS PAGINA WEB FASER\Implementation\SOLARWORKS_3645.jpg
2021-04-11 12:50:40,157 DEBUG  [AWT-EventQueue-0] Just drew image SOLARWORKS_3645.jpg (600x400)
2021-04-11 12:50:42,518 DEBUG  [AWT-EventQueue-0] Just drew image noname (600x400)
2021-04-11 12:50:45,408 DEBUG  [AWT-EventQueue-0] Just drew image noname (600x400)
2021-04-11 12:51:00,804 DEBUG  [AWT-EventQueue-0] Just drew image noname (600x400)
2021-04-11 12:51:14,859 DEBUG  [AWT-EventQueue-0] Just drew image noname (600x400)
2021-04-11 12:51:26,468 DEBUG  [AWT-EventQueue-0] Just drew image noname (600x400)
2021-04-11 12:55:59,004 INFO  [main] Created window with model: 5 division (600x400)
2021-04-11 12:55:59,195 DEBUG  [AWT-EventQueue-0] Just drew image noname (600x400)
2021-04-11 12:56:02,493 DEBUG  [AWT-EventQueue-0] Just drew image noname (600x400)
2021-04-11 12:56:03,994 DEBUG  [AWT-EventQueue-0] Just drew image noname (600x400)
2021-04-11 12:56:27,998 INFO  [AWT-EventQueue-0] Loaded image E:\temp\FOTOS PAGINA WEB FASER\Implementation\GIZ_POWERBLOX_MABIME_201027_183524_D3_0183.jpg
2021-04-11 12:56:28,066 DEBUG  [AWT-EventQueue-0] Just drew image GIZ_POWERBLOX_MABIME_201027_183524_D3_0183.jpg (600x400)
2021-04-11 12:56:30,562 DEBUG  [AWT-EventQueue-0] Just drew image noname (600x400)
2021-04-11 12:56:31,595 DEBUG  [AWT-EventQueue-0] Just drew image noname (600x400)
2021-04-11 12:56:33,137 DEBUG  [AWT-EventQueue-0] Just drew image noname (600x400)
2021-04-11 12:56:41,758 INFO  [AWT-EventQueue-0] Loaded image E:\temp\FOTOS PAGINA WEB FASER\Implementation\GIZ_POWERBLOX_MABIME_201027_223636_D4_0350.jpg
2021-04-11 12:56:41,823 DEBUG  [AWT-EventQueue-0] Just drew image GIZ_POWERBLOX_MABIME_201027_223636_D4_0350.jpg (600x400)
2021-04-11 12:56:45,270 DEBUG  [AWT-EventQueue-0] Just drew image noname (600x400)
2021-04-11 12:56:47,111 DEBUG  [AWT-EventQueue-0] Just drew image noname (600x400)
2021-04-11 12:57:01,905 DEBUG  [AWT-EventQueue-0] Just drew image noname (600x400)
2021-04-11 12:57:16,451 DEBUG  [AWT-EventQueue-0] Just drew image noname (600x400)
2021-04-11 12:57:17,580 DEBUG  [AWT-EventQueue-0] Just drew image noname (600x400)
2021-04-11 12:57:19,254 DEBUG  [AWT-EventQueue-0] Just drew image noname (600x400)
2021-04-12 06:45:09,243 INFO  [main] Created window with model: 5 division (600x400)
2021-04-12 06:45:09,499 DEBUG  [AWT-EventQueue-0] Just drew image noname (600x400)
2021-04-12 06:45:13,001 DEBUG  [AWT-EventQueue-0] Just drew image noname (600x400)
2021-04-12 06:45:15,601 DEBUG  [AWT-EventQueue-0] Just drew image noname (600x400)
2021-04-12 06:45:28,878 INFO  [AWT-EventQueue-0] Loaded image E:\temp\India_Gate_600x400.jpg
2021-04-12 06:45:28,973 DEBUG  [AWT-EventQueue-0] Just drew image India_Gate_600x400.jpg (600x400)
2021-04-12 06:45:30,422 DEBUG  [AWT-EventQueue-0] Just drew image noname (600x400)
2021-04-12 06:45:31,312 DEBUG  [AWT-EventQueue-0] Just drew image noname (600x400)
2021-04-12 06:45:32,706 DEBUG  [AWT-EventQueue-0] Just drew image noname (600x400)
2021-04-12 06:45:41,197 INFO  [AWT-EventQueue-0] Loaded image E:\temp\image013.png
2021-04-12 06:45:41,269 DEBUG  [AWT-EventQueue-0] Just drew image image013.png (600x400)
2021-04-12 06:45:43,092 DEBUG  [AWT-EventQueue-0] Just drew image image013.png (600x400)
2021-04-12 06:45:45,120 DEBUG  [AWT-EventQueue-0] Just drew image image013.png (600x400)
2021-04-12 06:45:51,534 INFO  [AWT-EventQueue-0] Loaded image E:\temp\firefighter-radio-smoke.600x400.jpg
2021-04-12 06:45:51,657 DEBUG  [AWT-EventQueue-0] Just drew image firefighter-radio-smoke.600x400.jpg (600x400)
2021-04-12 06:45:53,529 DEBUG  [AWT-EventQueue-0] Just drew image firefighter-radio-smoke.600x400.jpg (600x400)
2021-04-12 06:45:54,330 DEBUG  [AWT-EventQueue-0] Just drew image firefighter-radio-smoke.600x400.jpg (600x400)
2021-04-12 06:45:59,423 DEBUG  [AWT-EventQueue-0] Just drew image noname (600x400)
2021-04-12 06:46:13,321 DEBUG  [AWT-EventQueue-0] Just drew image noname (600x400)
2021-04-12 06:46:27,590 DEBUG  [AWT-EventQueue-0] Just drew image noname (600x400)
2021-04-12 06:46:52,428 INFO  [main] Created window with model: 5 division (600x400)
2021-04-12 06:46:52,612 DEBUG  [AWT-EventQueue-0] Just drew image noname (600x400)
2021-04-12 06:46:56,218 DEBUG  [AWT-EventQueue-0] Just drew image noname (600x400)
2021-04-12 06:46:58,115 DEBUG  [AWT-EventQueue-0] Just drew image noname (600x400)
2021-04-12 06:47:10,749 INFO  [AWT-EventQueue-0] Loaded image E:\temp\India_Gate_600x400.jpg
2021-04-12 06:47:10,816 DEBUG  [AWT-EventQueue-0] Just drew image India_Gate_600x400.jpg (600x400)
2021-04-12 06:47:13,082 DEBUG  [AWT-EventQueue-0] Just drew image India_Gate_600x400.jpg (600x400)
2021-04-12 06:47:14,810 DEBUG  [AWT-EventQueue-0] Just drew image India_Gate_600x400.jpg (600x400)
2021-04-12 06:47:21,162 INFO  [AWT-EventQueue-0] Loaded image E:\temp\firefighter-radio-smoke.600x400.jpg
2021-04-12 06:47:23,172 DEBUG  [AWT-EventQueue-0] Just drew image firefighter-radio-smoke.600x400.jpg (600x400)
2021-04-12 06:47:48,342 DEBUG  [AWT-EventQueue-0] Just drew image noname (600x400)
2021-04-12 06:50:32,269 INFO  [main] Created window with model: 5 division (600x400)
2021-04-12 06:50:32,426 DEBUG  [AWT-EventQueue-0] Just drew image noname (600x400)
2021-04-12 06:50:34,423 DEBUG  [AWT-EventQueue-0] Just drew image noname (600x400)
2021-04-12 06:50:36,079 DEBUG  [AWT-EventQueue-0] Just drew image noname (600x400)
2021-04-12 06:50:59,417 INFO  [AWT-EventQueue-0] Loaded image E:\temp\India_Gate_600x400.jpg
2021-04-12 06:50:59,491 DEBUG  [AWT-EventQueue-0] Just drew image India_Gate_600x400.jpg (600x400)
2021-04-12 06:51:01,239 DEBUG  [AWT-EventQueue-0] Just drew image India_Gate_600x400.jpg (600x400)
2021-04-12 06:51:02,734 DEBUG  [AWT-EventQueue-0] Just drew image India_Gate_600x400.jpg (600x400)
2021-04-12 06:51:09,200 INFO  [AWT-EventQueue-0] Loaded image E:\temp\firefighter-radio-smoke.600x400.jpg
2021-04-12 06:51:13,361 DEBUG  [AWT-EventQueue-0] Just drew image noname (600x400)
2021-04-12 06:51:20,188 DEBUG  [AWT-EventQueue-0] Just drew image noname (600x400)
2021-04-12 06:51:40,053 DEBUG  [AWT-EventQueue-0] Just drew image noname (600x400)
2021-04-12 06:52:16,054 INFO  [main] Created window with model: 5 division (600x400)
2021-04-12 06:52:16,254 DEBUG  [AWT-EventQueue-0] Just drew image noname (600x400)
2021-04-12 06:52:30,112 INFO  [main] Created window with model: 5 division (600x400)
2021-04-12 06:52:30,311 DEBUG  [AWT-EventQueue-0] Just drew image noname (600x400)
2021-04-12 06:52:35,157 DEBUG  [AWT-EventQueue-0] Just drew image noname (600x400)
2021-04-12 06:52:36,609 DEBUG  [AWT-EventQueue-0] Just drew image noname (600x400)
2021-04-12 06:52:49,744 INFO  [AWT-EventQueue-0] Loaded image E:\temp\India_Gate_600x400.jpg
2021-04-12 06:52:49,813 DEBUG  [AWT-EventQueue-0] Just drew image India_Gate_600x400.jpg (600x400)
2021-04-12 06:52:51,205 DEBUG  [AWT-EventQueue-0] Just drew image India_Gate_600x400.jpg (600x400)
2021-04-12 06:52:52,905 DEBUG  [AWT-EventQueue-0] Just drew image India_Gate_600x400.jpg (600x400)
2021-04-12 06:52:58,050 INFO  [AWT-EventQueue-0] Loaded image E:\temp\firefighter-radio-smoke.600x400.jpg
2021-04-12 06:55:35,877 DEBUG  [AWT-EventQueue-0] Just drew image noname (600x400)
2021-04-12 06:56:39,369 DEBUG  [AWT-EventQueue-0] Just drew image noname (600x400)
2021-04-12 06:58:51,811 INFO  [main] Created window with model: 5 division (600x400)
2021-04-12 06:58:51,979 DEBUG  [AWT-EventQueue-0] Just drew image noname (600x400)
2021-04-12 06:58:54,256 DEBUG  [AWT-EventQueue-0] Just drew image noname (600x400)
2021-04-12 06:58:55,873 DEBUG  [AWT-EventQueue-0] Just drew image noname (600x400)
2021-04-12 06:59:09,781 INFO  [AWT-EventQueue-0] Loaded image E:\temp\India_Gate_600x400.jpg
2021-04-12 06:59:09,834 DEBUG  [AWT-EventQueue-0] Just drew image India_Gate_600x400.jpg (600x400)
2021-04-12 06:59:11,755 DEBUG  [AWT-EventQueue-0] Just drew image India_Gate_600x400.jpg (600x400)
2021-04-12 06:59:13,299 DEBUG  [AWT-EventQueue-0] Just drew image India_Gate_600x400.jpg (600x400)
2021-04-12 06:59:18,197 INFO  [AWT-EventQueue-0] Loaded image E:\temp\firefighter-radio-smoke.600x400.jpg
2021-04-12 06:59:22,877 DEBUG  [AWT-EventQueue-0] Just drew image noname (600x400)
2021-04-12 06:59:29,311 DEBUG  [AWT-EventQueue-0] Just drew image noname (600x400)
2021-04-12 06:59:39,434 DEBUG  [AWT-EventQueue-0] Just drew image noname (600x400)
2021-04-12 07:00:04,059 DEBUG  [AWT-EventQueue-0] Just drew image noname (600x400)
2021-04-12 07:01:03,565 INFO  [main] Created window with model: 5 division (600x400)
2021-04-12 07:01:03,741 DEBUG  [AWT-EventQueue-0] Just drew image noname (600x400)
2021-04-12 07:01:06,234 DEBUG  [AWT-EventQueue-0] Just drew image noname (600x400)
2021-04-12 07:01:08,023 DEBUG  [AWT-EventQueue-0] Just drew image noname (600x400)
2021-04-12 07:01:17,649 INFO  [AWT-EventQueue-0] Loaded image E:\temp\India_Gate_600x400.jpg
2021-04-12 07:01:17,709 DEBUG  [AWT-EventQueue-0] Just drew image India_Gate_600x400.jpg (600x400)
2021-04-12 07:01:19,467 DEBUG  [AWT-EventQueue-0] Just drew image India_Gate_600x400.jpg (600x400)
2021-04-12 07:01:21,070 DEBUG  [AWT-EventQueue-0] Just drew image India_Gate_600x400.jpg (600x400)
2021-04-12 07:01:28,206 INFO  [AWT-EventQueue-0] Loaded image E:\temp\firefighter-radio-smoke.600x400.jpg
2021-04-12 07:01:31,926 DEBUG  [AWT-EventQueue-0] Just drew image noname (600x400)
2021-04-12 07:01:42,044 DEBUG  [AWT-EventQueue-0] Just drew image noname (600x400)
2021-04-12 07:02:34,795 DEBUG  [AWT-EventQueue-0] Just drew image noname (600x400)
2021-04-12 07:03:35,422 DEBUG  [AWT-EventQueue-0] Just drew image noname (600x400)
2021-04-12 08:32:09,586 INFO  [main] Created window with model: 5 division (600x400)
2021-04-12 08:32:09,766 DEBUG  [AWT-EventQueue-0] Just drew image noname (600x400)
2021-04-12 08:32:11,707 DEBUG  [AWT-EventQueue-0] Just drew image noname (600x400)
2021-04-12 08:32:13,104 DEBUG  [AWT-EventQueue-0] Just drew image noname (600x400)
2021-04-12 08:32:30,428 INFO  [AWT-EventQueue-0] Loaded image E:\temp\India_Gate_600x400.jpg
2021-04-12 08:32:30,503 DEBUG  [AWT-EventQueue-0] Just drew image India_Gate_600x400.jpg (600x400)
2021-04-12 08:32:32,412 DEBUG  [AWT-EventQueue-0] Just drew image India_Gate_600x400.jpg (600x400)
2021-04-12 08:32:33,902 DEBUG  [AWT-EventQueue-0] Just drew image India_Gate_600x400.jpg (600x400)
2021-04-12 08:32:39,252 INFO  [AWT-EventQueue-0] Loaded image E:\temp\firefighter-radio-smoke.600x400.jpg
2021-04-12 08:33:13,369 DEBUG  [AWT-EventQueue-0] Just drew image noname (600x400)
2021-04-12 08:42:58,990 DEBUG  [AWT-EventQueue-0] Just drew image noname (600x400)
2021-04-12 08:45:23,055 INFO  [main] Created window with model: 5 division (600x400)
2021-04-12 08:45:23,234 DEBUG  [AWT-EventQueue-0] Just drew image noname (600x400)
2021-04-12 08:45:24,932 DEBUG  [AWT-EventQueue-0] Just drew image noname (600x400)
2021-04-12 08:45:26,528 DEBUG  [AWT-EventQueue-0] Just drew image noname (600x400)
2021-04-12 08:45:40,052 INFO  [AWT-EventQueue-0] Loaded image E:\temp\India_Gate_600x400.jpg
2021-04-12 08:45:40,115 DEBUG  [AWT-EventQueue-0] Just drew image India_Gate_600x400.jpg (600x400)
2021-04-12 08:45:42,634 DEBUG  [AWT-EventQueue-0] Just drew image India_Gate_600x400.jpg (600x400)
2021-04-12 08:45:44,473 DEBUG  [AWT-EventQueue-0] Just drew image India_Gate_600x400.jpg (600x400)
2021-04-12 08:45:50,211 INFO  [AWT-EventQueue-0] Loaded image E:\temp\firefighter-radio-smoke.600x400.jpg
2021-04-12 08:45:53,783 DEBUG  [AWT-EventQueue-0] Just drew image noname (600x400)
2021-04-12 08:46:06,914 DEBUG  [AWT-EventQueue-0] Just drew image noname (600x400)
2021-04-12 08:46:18,211 DEBUG  [AWT-EventQueue-0] Just drew image noname (600x400)
2021-04-12 08:52:03,967 INFO  [main] Created window with model: 5 division (600x400)
2021-04-12 08:52:04,141 DEBUG  [AWT-EventQueue-0] Just drew image noname (600x400)
2021-04-12 08:52:06,097 DEBUG  [AWT-EventQueue-0] Just drew image noname (600x400)
2021-04-12 08:52:07,567 DEBUG  [AWT-EventQueue-0] Just drew image noname (600x400)
2021-04-12 08:52:23,915 INFO  [AWT-EventQueue-0] Loaded image E:\temp\India_Gate_600x400.jpg
2021-04-12 08:52:24,019 DEBUG  [AWT-EventQueue-0] Just drew image India_Gate_600x400.jpg (600x400)
2021-04-12 08:52:25,507 DEBUG  [AWT-EventQueue-0] Just drew image India_Gate_600x400.jpg (600x400)
2021-04-12 08:52:27,140 DEBUG  [AWT-EventQueue-0] Just drew image India_Gate_600x400.jpg (600x400)
2021-04-12 08:52:34,564 INFO  [AWT-EventQueue-0] Loaded image E:\temp\firefighter-radio-smoke.600x400.jpg
2021-04-12 08:52:44,178 DEBUG  [AWT-EventQueue-0] Just drew image noname (600x400)
2021-04-12 08:53:06,315 DEBUG  [AWT-EventQueue-0] Just drew image noname (600x400)
2021-04-13 08:52:15,944 INFO  [main] Created window with model: 5 division (600x400)
2021-04-13 08:52:16,199 DEBUG  [AWT-EventQueue-0] Just drew image noname (600x400)
2021-04-13 08:52:19,035 DEBUG  [AWT-EventQueue-0] Just drew image noname (600x400)
2021-04-13 08:52:19,748 DEBUG  [AWT-EventQueue-0] Just drew image noname (600x400)
2021-04-13 08:52:20,687 DEBUG  [AWT-EventQueue-0] Just drew image noname (600x400)
2021-04-13 08:52:21,925 DEBUG  [AWT-EventQueue-0] Just drew image noname (600x400)
2021-04-13 08:52:24,132 DEBUG  [AWT-EventQueue-0] Just drew image noname (600x400)
2021-04-13 08:52:40,324 INFO  [AWT-EventQueue-0] Loaded image E:\temp\India_Gate_600x400.jpg
2021-04-13 08:52:43,938 DEBUG  [AWT-EventQueue-0] Just drew image India_Gate_600x400.jpg (600x400)
2021-04-13 08:52:45,295 DEBUG  [AWT-EventQueue-0] Just drew image noname (600x400)
2021-04-13 08:52:46,299 DEBUG  [AWT-EventQueue-0] Just drew image noname (600x400)
2021-04-13 08:52:47,213 DEBUG  [AWT-EventQueue-0] Just drew image India_Gate_600x400.jpg (600x400)
2021-04-13 08:52:47,985 DEBUG  [AWT-EventQueue-0] Just drew image India_Gate_600x400.jpg (600x400)
2021-04-13 08:52:49,770 DEBUG  [AWT-EventQueue-0] Just drew image India_Gate_600x400.jpg (600x400)
2021-04-13 08:52:55,291 INFO  [AWT-EventQueue-0] Loaded image E:\temp\firefighter-radio-smoke.600x400.jpg
2021-04-13 08:52:57,915 DEBUG  [AWT-EventQueue-0] Just drew image firefighter-radio-smoke.600x400.jpg (600x400)
2021-04-13 08:52:59,458 DEBUG  [AWT-EventQueue-0] Just drew image noname (600x400)
2021-04-13 08:53:02,193 DEBUG  [AWT-EventQueue-0] Just drew image noname (600x400)
2021-04-13 08:53:11,584 DEBUG  [AWT-EventQueue-0] Just drew image noname (600x400)
2021-04-13 08:53:23,354 DEBUG  [AWT-EventQueue-0] Just drew image noname (600x400)
